<?xml version="1.0" encoding="UTF-8"?>
<testng-results ignored="0" total="20" passed="20" failed="0" skipped="0">
  <reporter-output>
  </reporter-output>
  <suite started-at="2023-09-19T20:08:33 GMT" name="flight-reservation" finished-at="2023-09-19T20:09:10 GMT" duration-ms="36743">
    <groups>
    </groups>
    <test started-at="2023-09-19T20:08:33 GMT" name="passengers-count-3" finished-at="2023-09-19T20:09:07 GMT" duration-ms="34157">
      <class name="com.maddysk.tests.flightreservation.FlightReservationTest">
        <test-method is-config="true" signature="setDriver()[pri:0, instance:com.maddysk.tests.flightreservation.FlightReservationTest@67b9b51a]" started-at="2023-09-19T20:08:33 GMT" name="setDriver" finished-at="2023-09-19T20:08:46 GMT" duration-ms="12925" status="PASS">
          <reporter-output>
          </reporter-output>
        </test-method> <!-- setDriver -->
        <test-method is-config="true" signature="setParameters(java.lang.String)[pri:0, instance:com.maddysk.tests.flightreservation.FlightReservationTest@67b9b51a]" started-at="2023-09-19T20:08:46 GMT" name="setParameters" finished-at="2023-09-19T20:08:47 GMT" depends-on-methods="com.maddysk.tests.AbstractTest.setDriver" duration-ms="907" status="PASS">
          <params>
            <param index="0">
              <value>
                <![CDATA[test-data/flight-reservation/passenger-3.json]]>
              </value>
            </param>
          </params>
          <reporter-output>
          </reporter-output>
        </test-method> <!-- setParameters -->
        <test-method signature="userRegistrationTest()[pri:0, instance:com.maddysk.tests.flightreservation.FlightReservationTest@67b9b51a]" started-at="2023-09-19T20:08:47 GMT" name="userRegistrationTest" finished-at="2023-09-19T20:08:57 GMT" duration-ms="10101" status="PASS">
          <reporter-output>
          </reporter-output>
        </test-method> <!-- userRegistrationTest -->
        <test-method signature="registrationConfirmationTest()[pri:0, instance:com.maddysk.tests.flightreservation.FlightReservationTest@67b9b51a]" started-at="2023-09-19T20:08:57 GMT" name="registrationConfirmationTest" finished-at="2023-09-19T20:09:00 GMT" depends-on-methods="com.maddysk.tests.flightreservation.FlightReservationTest.userRegistrationTest" duration-ms="3251" status="PASS">
          <reporter-output>
          </reporter-output>
        </test-method> <!-- registrationConfirmationTest -->
        <test-method signature="flightsSearchTest()[pri:0, instance:com.maddysk.tests.flightreservation.FlightReservationTest@67b9b51a]" started-at="2023-09-19T20:09:00 GMT" name="flightsSearchTest" finished-at="2023-09-19T20:09:02 GMT" depends-on-methods="com.maddysk.tests.flightreservation.FlightReservationTest.registrationConfirmationTest" duration-ms="1759" status="PASS">
          <reporter-output>
          </reporter-output>
        </test-method> <!-- flightsSearchTest -->
        <test-method signature="flightsSelectionTest()[pri:0, instance:com.maddysk.tests.flightreservation.FlightReservationTest@67b9b51a]" started-at="2023-09-19T20:09:02 GMT" name="flightsSelectionTest" finished-at="2023-09-19T20:09:05 GMT" depends-on-methods="com.maddysk.tests.flightreservation.FlightReservationTest.flightsSearchTest" duration-ms="3602" status="PASS">
          <reporter-output>
          </reporter-output>
        </test-method> <!-- flightsSelectionTest -->
        <test-method signature="flightReservationConfirmationTest()[pri:0, instance:com.maddysk.tests.flightreservation.FlightReservationTest@67b9b51a]" started-at="2023-09-19T20:09:05 GMT" name="flightReservationConfirmationTest" finished-at="2023-09-19T20:09:07 GMT" depends-on-methods="com.maddysk.tests.flightreservation.FlightReservationTest.flightsSelectionTest" duration-ms="1229" status="PASS">
          <reporter-output>
          </reporter-output>
        </test-method> <!-- flightReservationConfirmationTest -->
        <test-method is-config="true" signature="quitDriver()[pri:0, instance:com.maddysk.tests.flightreservation.FlightReservationTest@67b9b51a]" started-at="2023-09-19T20:09:07 GMT" name="quitDriver" finished-at="2023-09-19T20:09:07 GMT" duration-ms="307" status="PASS">
          <reporter-output>
          </reporter-output>
        </test-method> <!-- quitDriver -->
      </class> <!-- com.maddysk.tests.flightreservation.FlightReservationTest -->
    </test> <!-- passengers-count-3 -->
    <test started-at="2023-09-19T20:08:33 GMT" name="passengers-count-1" finished-at="2023-09-19T20:09:08 GMT" duration-ms="35032">
      <class name="com.maddysk.tests.flightreservation.FlightReservationTest">
        <test-method is-config="true" signature="setDriver()[pri:0, instance:com.maddysk.tests.flightreservation.FlightReservationTest@26df6e3a]" started-at="2023-09-19T20:08:33 GMT" name="setDriver" finished-at="2023-09-19T20:08:46 GMT" duration-ms="12944" status="PASS">
          <reporter-output>
          </reporter-output>
        </test-method> <!-- setDriver -->
        <test-method is-config="true" signature="setParameters(java.lang.String)[pri:0, instance:com.maddysk.tests.flightreservation.FlightReservationTest@26df6e3a]" started-at="2023-09-19T20:08:46 GMT" name="setParameters" finished-at="2023-09-19T20:08:47 GMT" depends-on-methods="com.maddysk.tests.AbstractTest.setDriver" duration-ms="892" status="PASS">
          <params>
            <param index="0">
              <value>
                <![CDATA[test-data/flight-reservation/passenger-1.json]]>
              </value>
            </param>
          </params>
          <reporter-output>
          </reporter-output>
        </test-method> <!-- setParameters -->
        <test-method signature="userRegistrationTest()[pri:0, instance:com.maddysk.tests.flightreservation.FlightReservationTest@26df6e3a]" started-at="2023-09-19T20:08:47 GMT" name="userRegistrationTest" finished-at="2023-09-19T20:08:56 GMT" duration-ms="9739" status="PASS">
          <reporter-output>
          </reporter-output>
        </test-method> <!-- userRegistrationTest -->
        <test-method signature="registrationConfirmationTest()[pri:0, instance:com.maddysk.tests.flightreservation.FlightReservationTest@26df6e3a]" started-at="2023-09-19T20:08:56 GMT" name="registrationConfirmationTest" finished-at="2023-09-19T20:09:00 GMT" depends-on-methods="com.maddysk.tests.flightreservation.FlightReservationTest.userRegistrationTest" duration-ms="3905" status="PASS">
          <reporter-output>
          </reporter-output>
        </test-method> <!-- registrationConfirmationTest -->
        <test-method signature="flightsSearchTest()[pri:0, instance:com.maddysk.tests.flightreservation.FlightReservationTest@26df6e3a]" started-at="2023-09-19T20:09:00 GMT" name="flightsSearchTest" finished-at="2023-09-19T20:09:04 GMT" depends-on-methods="com.maddysk.tests.flightreservation.FlightReservationTest.registrationConfirmationTest" duration-ms="3783" status="PASS">
          <reporter-output>
          </reporter-output>
        </test-method> <!-- flightsSearchTest -->
        <test-method signature="flightsSelectionTest()[pri:0, instance:com.maddysk.tests.flightreservation.FlightReservationTest@26df6e3a]" started-at="2023-09-19T20:09:04 GMT" name="flightsSelectionTest" finished-at="2023-09-19T20:09:07 GMT" depends-on-methods="com.maddysk.tests.flightreservation.FlightReservationTest.flightsSearchTest" duration-ms="2887" status="PASS">
          <reporter-output>
          </reporter-output>
        </test-method> <!-- flightsSelectionTest -->
        <test-method signature="flightReservationConfirmationTest()[pri:0, instance:com.maddysk.tests.flightreservation.FlightReservationTest@26df6e3a]" started-at="2023-09-19T20:09:07 GMT" name="flightReservationConfirmationTest" finished-at="2023-09-19T20:09:08 GMT" depends-on-methods="com.maddysk.tests.flightreservation.FlightReservationTest.flightsSelectionTest" duration-ms="641" status="PASS">
          <reporter-output>
          </reporter-output>
        </test-method> <!-- flightReservationConfirmationTest -->
        <test-method is-config="true" signature="quitDriver()[pri:0, instance:com.maddysk.tests.flightreservation.FlightReservationTest@26df6e3a]" started-at="2023-09-19T20:09:08 GMT" name="quitDriver" finished-at="2023-09-19T20:09:08 GMT" duration-ms="176" status="PASS">
          <reporter-output>
          </reporter-output>
        </test-method> <!-- quitDriver -->
      </class> <!-- com.maddysk.tests.flightreservation.FlightReservationTest -->
    </test> <!-- passengers-count-1 -->
    <test started-at="2023-09-19T20:08:33 GMT" name="passengers-count-2" finished-at="2023-09-19T20:09:08 GMT" duration-ms="35177">
      <class name="com.maddysk.tests.flightreservation.FlightReservationTest">
        <test-method is-config="true" signature="setDriver()[pri:0, instance:com.maddysk.tests.flightreservation.FlightReservationTest@57576994]" started-at="2023-09-19T20:08:33 GMT" name="setDriver" finished-at="2023-09-19T20:08:46 GMT" duration-ms="12929" status="PASS">
          <reporter-output>
          </reporter-output>
        </test-method> <!-- setDriver -->
        <test-method is-config="true" signature="setParameters(java.lang.String)[pri:0, instance:com.maddysk.tests.flightreservation.FlightReservationTest@57576994]" started-at="2023-09-19T20:08:46 GMT" name="setParameters" finished-at="2023-09-19T20:08:47 GMT" depends-on-methods="com.maddysk.tests.AbstractTest.setDriver" duration-ms="903" status="PASS">
          <params>
            <param index="0">
              <value>
                <![CDATA[test-data/flight-reservation/passenger-2.json]]>
              </value>
            </param>
          </params>
          <reporter-output>
          </reporter-output>
        </test-method> <!-- setParameters -->
        <test-method signature="userRegistrationTest()[pri:0, instance:com.maddysk.tests.flightreservation.FlightReservationTest@57576994]" started-at="2023-09-19T20:08:47 GMT" name="userRegistrationTest" finished-at="2023-09-19T20:08:56 GMT" duration-ms="9330" status="PASS">
          <reporter-output>
          </reporter-output>
        </test-method> <!-- userRegistrationTest -->
        <test-method signature="registrationConfirmationTest()[pri:0, instance:com.maddysk.tests.flightreservation.FlightReservationTest@57576994]" started-at="2023-09-19T20:08:56 GMT" name="registrationConfirmationTest" finished-at="2023-09-19T20:08:58 GMT" depends-on-methods="com.maddysk.tests.flightreservation.FlightReservationTest.userRegistrationTest" duration-ms="1503" status="PASS">
          <reporter-output>
          </reporter-output>
        </test-method> <!-- registrationConfirmationTest -->
        <test-method signature="flightsSearchTest()[pri:0, instance:com.maddysk.tests.flightreservation.FlightReservationTest@57576994]" started-at="2023-09-19T20:08:58 GMT" name="flightsSearchTest" finished-at="2023-09-19T20:09:01 GMT" depends-on-methods="com.maddysk.tests.flightreservation.FlightReservationTest.registrationConfirmationTest" duration-ms="3301" status="PASS">
          <reporter-output>
          </reporter-output>
        </test-method> <!-- flightsSearchTest -->
        <test-method signature="flightsSelectionTest()[pri:0, instance:com.maddysk.tests.flightreservation.FlightReservationTest@57576994]" started-at="2023-09-19T20:09:01 GMT" name="flightsSelectionTest" finished-at="2023-09-19T20:09:05 GMT" depends-on-methods="com.maddysk.tests.flightreservation.FlightReservationTest.flightsSearchTest" duration-ms="3850" status="PASS">
          <reporter-output>
          </reporter-output>
        </test-method> <!-- flightsSelectionTest -->
        <test-method signature="flightReservationConfirmationTest()[pri:0, instance:com.maddysk.tests.flightreservation.FlightReservationTest@57576994]" started-at="2023-09-19T20:09:05 GMT" name="flightReservationConfirmationTest" finished-at="2023-09-19T20:09:08 GMT" depends-on-methods="com.maddysk.tests.flightreservation.FlightReservationTest.flightsSelectionTest" duration-ms="3169" status="PASS">
          <reporter-output>
          </reporter-output>
        </test-method> <!-- flightReservationConfirmationTest -->
        <test-method is-config="true" signature="quitDriver()[pri:0, instance:com.maddysk.tests.flightreservation.FlightReservationTest@57576994]" started-at="2023-09-19T20:09:08 GMT" name="quitDriver" finished-at="2023-09-19T20:09:08 GMT" duration-ms="110" status="PASS">
          <reporter-output>
          </reporter-output>
        </test-method> <!-- quitDriver -->
      </class> <!-- com.maddysk.tests.flightreservation.FlightReservationTest -->
    </test> <!-- passengers-count-2 -->
    <test started-at="2023-09-19T20:08:33 GMT" name="passengers-count-4" finished-at="2023-09-19T20:09:10 GMT" duration-ms="36729">
      <class name="com.maddysk.tests.flightreservation.FlightReservationTest">
        <test-method is-config="true" signature="setupConfig()[pri:0, instance:com.maddysk.tests.flightreservation.FlightReservationTest@490caf5f]" started-at="2023-09-19T20:08:33 GMT" name="setupConfig" finished-at="2023-09-19T20:08:33 GMT" duration-ms="58" status="PASS">
          <reporter-output>
          </reporter-output>
        </test-method> <!-- setupConfig -->
        <test-method is-config="true" signature="setDriver()[pri:0, instance:com.maddysk.tests.flightreservation.FlightReservationTest@490caf5f]" started-at="2023-09-19T20:08:33 GMT" name="setDriver" finished-at="2023-09-19T20:08:46 GMT" duration-ms="12917" status="PASS">
          <reporter-output>
          </reporter-output>
        </test-method> <!-- setDriver -->
        <test-method is-config="true" signature="setParameters(java.lang.String)[pri:0, instance:com.maddysk.tests.flightreservation.FlightReservationTest@490caf5f]" started-at="2023-09-19T20:08:46 GMT" name="setParameters" finished-at="2023-09-19T20:08:47 GMT" depends-on-methods="com.maddysk.tests.AbstractTest.setDriver" duration-ms="909" status="PASS">
          <params>
            <param index="0">
              <value>
                <![CDATA[test-data/flight-reservation/passenger-4.json]]>
              </value>
            </param>
          </params>
          <reporter-output>
          </reporter-output>
        </test-method> <!-- setParameters -->
        <test-method signature="userRegistrationTest()[pri:0, instance:com.maddysk.tests.flightreservation.FlightReservationTest@490caf5f]" started-at="2023-09-19T20:08:47 GMT" name="userRegistrationTest" finished-at="2023-09-19T20:08:56 GMT" duration-ms="9585" status="PASS">
          <reporter-output>
          </reporter-output>
        </test-method> <!-- userRegistrationTest -->
        <test-method signature="registrationConfirmationTest()[pri:0, instance:com.maddysk.tests.flightreservation.FlightReservationTest@490caf5f]" started-at="2023-09-19T20:08:56 GMT" name="registrationConfirmationTest" finished-at="2023-09-19T20:09:00 GMT" depends-on-methods="com.maddysk.tests.flightreservation.FlightReservationTest.userRegistrationTest" duration-ms="3809" status="PASS">
          <reporter-output>
          </reporter-output>
        </test-method> <!-- registrationConfirmationTest -->
        <test-method signature="flightsSearchTest()[pri:0, instance:com.maddysk.tests.flightreservation.FlightReservationTest@490caf5f]" started-at="2023-09-19T20:09:00 GMT" name="flightsSearchTest" finished-at="2023-09-19T20:09:04 GMT" depends-on-methods="com.maddysk.tests.flightreservation.FlightReservationTest.registrationConfirmationTest" duration-ms="4217" status="PASS">
          <reporter-output>
          </reporter-output>
        </test-method> <!-- flightsSearchTest -->
        <test-method signature="flightsSelectionTest()[pri:0, instance:com.maddysk.tests.flightreservation.FlightReservationTest@490caf5f]" started-at="2023-09-19T20:09:04 GMT" name="flightsSelectionTest" finished-at="2023-09-19T20:09:08 GMT" depends-on-methods="com.maddysk.tests.flightreservation.FlightReservationTest.flightsSearchTest" duration-ms="3483" status="PASS">
          <reporter-output>
          </reporter-output>
        </test-method> <!-- flightsSelectionTest -->
        <test-method signature="flightReservationConfirmationTest()[pri:0, instance:com.maddysk.tests.flightreservation.FlightReservationTest@490caf5f]" started-at="2023-09-19T20:09:08 GMT" name="flightReservationConfirmationTest" finished-at="2023-09-19T20:09:09 GMT" depends-on-methods="com.maddysk.tests.flightreservation.FlightReservationTest.flightsSelectionTest" duration-ms="1646" status="PASS">
          <reporter-output>
          </reporter-output>
        </test-method> <!-- flightReservationConfirmationTest -->
        <test-method is-config="true" signature="quitDriver()[pri:0, instance:com.maddysk.tests.flightreservation.FlightReservationTest@490caf5f]" started-at="2023-09-19T20:09:09 GMT" name="quitDriver" finished-at="2023-09-19T20:09:10 GMT" duration-ms="100" status="PASS">
          <reporter-output>
          </reporter-output>
        </test-method> <!-- quitDriver -->
      </class> <!-- com.maddysk.tests.flightreservation.FlightReservationTest -->
    </test> <!-- passengers-count-4 -->
  </suite> <!-- flight-reservation -->
</testng-results>
