<?xml version="1.0" encoding="UTF-8"?>
<testng-results ignored="0" total="20" passed="20" failed="0" skipped="0">
  <reporter-output>
  </reporter-output>
  <suite started-at="2023-09-19T11:24:13 EDT" name="flight-reservation" finished-at="2023-09-19T11:24:58 EDT" duration-ms="45683">
    <groups>
    </groups>
    <test started-at="2023-09-19T11:24:13 EDT" name="passengers-count-4" finished-at="2023-09-19T11:24:52 EDT" duration-ms="38918">
      <class name="com.maddysk.tests.flightreservation.FlightReservationTest">
        <test-method is-config="true" signature="setupConfig()[pri:0, instance:com.maddysk.tests.flightreservation.FlightReservationTest@5ce8d869]" started-at="2023-09-19T11:24:13 EDT" name="setupConfig" finished-at="2023-09-19T11:24:13 EDT" duration-ms="11" status="PASS">
          <reporter-output>
          </reporter-output>
        </test-method> <!-- setupConfig -->
        <test-method is-config="true" signature="setDriver()[pri:0, instance:com.maddysk.tests.flightreservation.FlightReservationTest@5ce8d869]" started-at="2023-09-19T11:24:13 EDT" name="setDriver" finished-at="2023-09-19T11:24:44 EDT" duration-ms="31615" status="PASS">
          <reporter-output>
          </reporter-output>
        </test-method> <!-- setDriver -->
        <test-method is-config="true" signature="setParameters(java.lang.String)[pri:0, instance:com.maddysk.tests.flightreservation.FlightReservationTest@5ce8d869]" started-at="2023-09-19T11:24:44 EDT" name="setParameters" finished-at="2023-09-19T11:24:45 EDT" depends-on-methods="com.maddysk.tests.AbstractTest.setDriver" duration-ms="520" status="PASS">
          <params>
            <param index="0">
              <value>
                <![CDATA[test-data/flight-reservation/passenger-4.json]]>
              </value>
            </param>
          </params>
          <reporter-output>
          </reporter-output>
        </test-method> <!-- setParameters -->
        <test-method signature="userRegistrationTest()[pri:0, instance:com.maddysk.tests.flightreservation.FlightReservationTest@5ce8d869]" started-at="2023-09-19T11:24:45 EDT" name="userRegistrationTest" finished-at="2023-09-19T11:24:48 EDT" duration-ms="2890" status="PASS">
          <reporter-output>
          </reporter-output>
        </test-method> <!-- userRegistrationTest -->
        <test-method signature="registrationConfirmationTest()[pri:0, instance:com.maddysk.tests.flightreservation.FlightReservationTest@5ce8d869]" started-at="2023-09-19T11:24:48 EDT" name="registrationConfirmationTest" finished-at="2023-09-19T11:24:49 EDT" depends-on-methods="com.maddysk.tests.flightreservation.FlightReservationTest.userRegistrationTest" duration-ms="807" status="PASS">
          <reporter-output>
          </reporter-output>
        </test-method> <!-- registrationConfirmationTest -->
        <test-method signature="flightsSearchTest()[pri:0, instance:com.maddysk.tests.flightreservation.FlightReservationTest@5ce8d869]" started-at="2023-09-19T11:24:49 EDT" name="flightsSearchTest" finished-at="2023-09-19T11:24:50 EDT" depends-on-methods="com.maddysk.tests.flightreservation.FlightReservationTest.registrationConfirmationTest" duration-ms="1407" status="PASS">
          <reporter-output>
          </reporter-output>
        </test-method> <!-- flightsSearchTest -->
        <test-method signature="flightsSelectionTest()[pri:0, instance:com.maddysk.tests.flightreservation.FlightReservationTest@5ce8d869]" started-at="2023-09-19T11:24:50 EDT" name="flightsSelectionTest" finished-at="2023-09-19T11:24:51 EDT" depends-on-methods="com.maddysk.tests.flightreservation.FlightReservationTest.flightsSearchTest" duration-ms="837" status="PASS">
          <reporter-output>
          </reporter-output>
        </test-method> <!-- flightsSelectionTest -->
        <test-method signature="flightReservationConfirmationTest()[pri:0, instance:com.maddysk.tests.flightreservation.FlightReservationTest@5ce8d869]" started-at="2023-09-19T11:24:51 EDT" name="flightReservationConfirmationTest" finished-at="2023-09-19T11:24:51 EDT" depends-on-methods="com.maddysk.tests.flightreservation.FlightReservationTest.flightsSelectionTest" duration-ms="612" status="PASS">
          <reporter-output>
          </reporter-output>
        </test-method> <!-- flightReservationConfirmationTest -->
        <test-method is-config="true" signature="quitDriver()[pri:0, instance:com.maddysk.tests.flightreservation.FlightReservationTest@5ce8d869]" started-at="2023-09-19T11:24:51 EDT" name="quitDriver" finished-at="2023-09-19T11:24:52 EDT" duration-ms="195" status="PASS">
          <reporter-output>
          </reporter-output>
        </test-method> <!-- quitDriver -->
      </class> <!-- com.maddysk.tests.flightreservation.FlightReservationTest -->
    </test> <!-- passengers-count-4 -->
    <test started-at="2023-09-19T11:24:13 EDT" name="passengers-count-3" finished-at="2023-09-19T11:24:55 EDT" duration-ms="42197">
      <class name="com.maddysk.tests.flightreservation.FlightReservationTest">
        <test-method is-config="true" signature="setDriver()[pri:0, instance:com.maddysk.tests.flightreservation.FlightReservationTest@e70f13a]" started-at="2023-09-19T11:24:13 EDT" name="setDriver" finished-at="2023-09-19T11:24:44 EDT" duration-ms="31614" status="PASS">
          <reporter-output>
          </reporter-output>
        </test-method> <!-- setDriver -->
        <test-method is-config="true" signature="setParameters(java.lang.String)[pri:0, instance:com.maddysk.tests.flightreservation.FlightReservationTest@e70f13a]" started-at="2023-09-19T11:24:44 EDT" name="setParameters" finished-at="2023-09-19T11:24:45 EDT" depends-on-methods="com.maddysk.tests.AbstractTest.setDriver" duration-ms="517" status="PASS">
          <params>
            <param index="0">
              <value>
                <![CDATA[test-data/flight-reservation/passenger-3.json]]>
              </value>
            </param>
          </params>
          <reporter-output>
          </reporter-output>
        </test-method> <!-- setParameters -->
        <test-method signature="userRegistrationTest()[pri:0, instance:com.maddysk.tests.flightreservation.FlightReservationTest@e70f13a]" started-at="2023-09-19T11:24:45 EDT" name="userRegistrationTest" finished-at="2023-09-19T11:24:49 EDT" duration-ms="4279" status="PASS">
          <reporter-output>
          </reporter-output>
        </test-method> <!-- userRegistrationTest -->
        <test-method signature="registrationConfirmationTest()[pri:0, instance:com.maddysk.tests.flightreservation.FlightReservationTest@e70f13a]" started-at="2023-09-19T11:24:49 EDT" name="registrationConfirmationTest" finished-at="2023-09-19T11:24:50 EDT" depends-on-methods="com.maddysk.tests.flightreservation.FlightReservationTest.userRegistrationTest" duration-ms="707" status="PASS">
          <reporter-output>
          </reporter-output>
        </test-method> <!-- registrationConfirmationTest -->
        <test-method signature="flightsSearchTest()[pri:0, instance:com.maddysk.tests.flightreservation.FlightReservationTest@e70f13a]" started-at="2023-09-19T11:24:50 EDT" name="flightsSearchTest" finished-at="2023-09-19T11:24:52 EDT" depends-on-methods="com.maddysk.tests.flightreservation.FlightReservationTest.registrationConfirmationTest" duration-ms="2452" status="PASS">
          <reporter-output>
          </reporter-output>
        </test-method> <!-- flightsSearchTest -->
        <test-method signature="flightsSelectionTest()[pri:0, instance:com.maddysk.tests.flightreservation.FlightReservationTest@e70f13a]" started-at="2023-09-19T11:24:52 EDT" name="flightsSelectionTest" finished-at="2023-09-19T11:24:54 EDT" depends-on-methods="com.maddysk.tests.flightreservation.FlightReservationTest.flightsSearchTest" duration-ms="1279" status="PASS">
          <reporter-output>
          </reporter-output>
        </test-method> <!-- flightsSelectionTest -->
        <test-method signature="flightReservationConfirmationTest()[pri:0, instance:com.maddysk.tests.flightreservation.FlightReservationTest@e70f13a]" started-at="2023-09-19T11:24:54 EDT" name="flightReservationConfirmationTest" finished-at="2023-09-19T11:24:55 EDT" depends-on-methods="com.maddysk.tests.flightreservation.FlightReservationTest.flightsSelectionTest" duration-ms="1129" status="PASS">
          <reporter-output>
          </reporter-output>
        </test-method> <!-- flightReservationConfirmationTest -->
        <test-method is-config="true" signature="quitDriver()[pri:0, instance:com.maddysk.tests.flightreservation.FlightReservationTest@e70f13a]" started-at="2023-09-19T11:24:55 EDT" name="quitDriver" finished-at="2023-09-19T11:24:55 EDT" duration-ms="189" status="PASS">
          <reporter-output>
          </reporter-output>
        </test-method> <!-- quitDriver -->
      </class> <!-- com.maddysk.tests.flightreservation.FlightReservationTest -->
    </test> <!-- passengers-count-3 -->
    <test started-at="2023-09-19T11:24:13 EDT" name="passengers-count-1" finished-at="2023-09-19T11:24:56 EDT" duration-ms="43176">
      <class name="com.maddysk.tests.flightreservation.FlightReservationTest">
        <test-method is-config="true" signature="setDriver()[pri:0, instance:com.maddysk.tests.flightreservation.FlightReservationTest@2fd953a6]" started-at="2023-09-19T11:24:13 EDT" name="setDriver" finished-at="2023-09-19T11:24:44 EDT" duration-ms="31671" status="PASS">
          <reporter-output>
          </reporter-output>
        </test-method> <!-- setDriver -->
        <test-method is-config="true" signature="setParameters(java.lang.String)[pri:0, instance:com.maddysk.tests.flightreservation.FlightReservationTest@2fd953a6]" started-at="2023-09-19T11:24:44 EDT" name="setParameters" finished-at="2023-09-19T11:24:45 EDT" depends-on-methods="com.maddysk.tests.AbstractTest.setDriver" duration-ms="465" status="PASS">
          <params>
            <param index="0">
              <value>
                <![CDATA[test-data/flight-reservation/passenger-1.json]]>
              </value>
            </param>
          </params>
          <reporter-output>
          </reporter-output>
        </test-method> <!-- setParameters -->
        <test-method signature="userRegistrationTest()[pri:0, instance:com.maddysk.tests.flightreservation.FlightReservationTest@2fd953a6]" started-at="2023-09-19T11:24:45 EDT" name="userRegistrationTest" finished-at="2023-09-19T11:24:51 EDT" duration-ms="6320" status="PASS">
          <reporter-output>
          </reporter-output>
        </test-method> <!-- userRegistrationTest -->
        <test-method signature="registrationConfirmationTest()[pri:0, instance:com.maddysk.tests.flightreservation.FlightReservationTest@2fd953a6]" started-at="2023-09-19T11:24:51 EDT" name="registrationConfirmationTest" finished-at="2023-09-19T11:24:52 EDT" depends-on-methods="com.maddysk.tests.flightreservation.FlightReservationTest.userRegistrationTest" duration-ms="723" status="PASS">
          <reporter-output>
          </reporter-output>
        </test-method> <!-- registrationConfirmationTest -->
        <test-method signature="flightsSearchTest()[pri:0, instance:com.maddysk.tests.flightreservation.FlightReservationTest@2fd953a6]" started-at="2023-09-19T11:24:52 EDT" name="flightsSearchTest" finished-at="2023-09-19T11:24:53 EDT" depends-on-methods="com.maddysk.tests.flightreservation.FlightReservationTest.registrationConfirmationTest" duration-ms="794" status="PASS">
          <reporter-output>
          </reporter-output>
        </test-method> <!-- flightsSearchTest -->
        <test-method signature="flightsSelectionTest()[pri:0, instance:com.maddysk.tests.flightreservation.FlightReservationTest@2fd953a6]" started-at="2023-09-19T11:24:53 EDT" name="flightsSelectionTest" finished-at="2023-09-19T11:24:55 EDT" depends-on-methods="com.maddysk.tests.flightreservation.FlightReservationTest.flightsSearchTest" duration-ms="2452" status="PASS">
          <reporter-output>
          </reporter-output>
        </test-method> <!-- flightsSelectionTest -->
        <test-method signature="flightReservationConfirmationTest()[pri:0, instance:com.maddysk.tests.flightreservation.FlightReservationTest@2fd953a6]" started-at="2023-09-19T11:24:55 EDT" name="flightReservationConfirmationTest" finished-at="2023-09-19T11:24:56 EDT" depends-on-methods="com.maddysk.tests.flightreservation.FlightReservationTest.flightsSelectionTest" duration-ms="617" status="PASS">
          <reporter-output>
          </reporter-output>
        </test-method> <!-- flightReservationConfirmationTest -->
        <test-method is-config="true" signature="quitDriver()[pri:0, instance:com.maddysk.tests.flightreservation.FlightReservationTest@2fd953a6]" started-at="2023-09-19T11:24:56 EDT" name="quitDriver" finished-at="2023-09-19T11:24:56 EDT" duration-ms="106" status="PASS">
          <reporter-output>
          </reporter-output>
        </test-method> <!-- quitDriver -->
      </class> <!-- com.maddysk.tests.flightreservation.FlightReservationTest -->
    </test> <!-- passengers-count-1 -->
    <test started-at="2023-09-19T11:24:13 EDT" name="passengers-count-2" finished-at="2023-09-19T11:24:58 EDT" duration-ms="45683">
      <class name="com.maddysk.tests.flightreservation.FlightReservationTest">
        <test-method is-config="true" signature="setDriver()[pri:0, instance:com.maddysk.tests.flightreservation.FlightReservationTest@77102b91]" started-at="2023-09-19T11:24:13 EDT" name="setDriver" finished-at="2023-09-19T11:24:44 EDT" duration-ms="31618" status="PASS">
          <reporter-output>
          </reporter-output>
        </test-method> <!-- setDriver -->
        <test-method is-config="true" signature="setParameters(java.lang.String)[pri:0, instance:com.maddysk.tests.flightreservation.FlightReservationTest@77102b91]" started-at="2023-09-19T11:24:44 EDT" name="setParameters" finished-at="2023-09-19T11:24:45 EDT" depends-on-methods="com.maddysk.tests.AbstractTest.setDriver" duration-ms="515" status="PASS">
          <params>
            <param index="0">
              <value>
                <![CDATA[test-data/flight-reservation/passenger-2.json]]>
              </value>
            </param>
          </params>
          <reporter-output>
          </reporter-output>
        </test-method> <!-- setParameters -->
        <test-method signature="userRegistrationTest()[pri:0, instance:com.maddysk.tests.flightreservation.FlightReservationTest@77102b91]" started-at="2023-09-19T11:24:45 EDT" name="userRegistrationTest" finished-at="2023-09-19T11:24:53 EDT" duration-ms="8335" status="PASS">
          <reporter-output>
          </reporter-output>
        </test-method> <!-- userRegistrationTest -->
        <test-method signature="registrationConfirmationTest()[pri:0, instance:com.maddysk.tests.flightreservation.FlightReservationTest@77102b91]" started-at="2023-09-19T11:24:53 EDT" name="registrationConfirmationTest" finished-at="2023-09-19T11:24:55 EDT" depends-on-methods="com.maddysk.tests.flightreservation.FlightReservationTest.userRegistrationTest" duration-ms="1871" status="PASS">
          <reporter-output>
          </reporter-output>
        </test-method> <!-- registrationConfirmationTest -->
        <test-method signature="flightsSearchTest()[pri:0, instance:com.maddysk.tests.flightreservation.FlightReservationTest@77102b91]" started-at="2023-09-19T11:24:55 EDT" name="flightsSearchTest" finished-at="2023-09-19T11:24:56 EDT" depends-on-methods="com.maddysk.tests.flightreservation.FlightReservationTest.registrationConfirmationTest" duration-ms="1284" status="PASS">
          <reporter-output>
          </reporter-output>
        </test-method> <!-- flightsSearchTest -->
        <test-method signature="flightsSelectionTest()[pri:0, instance:com.maddysk.tests.flightreservation.FlightReservationTest@77102b91]" started-at="2023-09-19T11:24:56 EDT" name="flightsSelectionTest" finished-at="2023-09-19T11:24:58 EDT" depends-on-methods="com.maddysk.tests.flightreservation.FlightReservationTest.flightsSearchTest" duration-ms="1214" status="PASS">
          <reporter-output>
          </reporter-output>
        </test-method> <!-- flightsSelectionTest -->
        <test-method signature="flightReservationConfirmationTest()[pri:0, instance:com.maddysk.tests.flightreservation.FlightReservationTest@77102b91]" started-at="2023-09-19T11:24:58 EDT" name="flightReservationConfirmationTest" finished-at="2023-09-19T11:24:58 EDT" depends-on-methods="com.maddysk.tests.flightreservation.FlightReservationTest.flightsSelectionTest" duration-ms="593" status="PASS">
          <reporter-output>
          </reporter-output>
        </test-method> <!-- flightReservationConfirmationTest -->
        <test-method is-config="true" signature="quitDriver()[pri:0, instance:com.maddysk.tests.flightreservation.FlightReservationTest@77102b91]" started-at="2023-09-19T11:24:58 EDT" name="quitDriver" finished-at="2023-09-19T11:24:58 EDT" duration-ms="225" status="PASS">
          <reporter-output>
          </reporter-output>
        </test-method> <!-- quitDriver -->
      </class> <!-- com.maddysk.tests.flightreservation.FlightReservationTest -->
    </test> <!-- passengers-count-2 -->
  </suite> <!-- flight-reservation -->
</testng-results>
