<?xml version="1.0" encoding="UTF-8"?>
<!-- Generated by org.testng.reporters.JUnitXMLReporter -->
<testsuite ignored="0" hostname="Maddys-MBP.hsd1.md.comcast.net" failures="0" tests="5" name="passengers-count-1" time="43.176" errors="0" timestamp="2023-09-19T11:24:56 EDT">
  <testcase classname="com.maddysk.tests.flightreservation.FlightReservationTest" name="userRegistrationTest" time="6.32"/>
  <testcase classname="com.maddysk.tests.flightreservation.FlightReservationTest" name="registrationConfirmationTest" time="0.723"/>
  <testcase classname="com.maddysk.tests.flightreservation.FlightReservationTest" name="flightsSearchTest" time="0.794"/>
  <testcase classname="com.maddysk.tests.flightreservation.FlightReservationTest" name="flightsSelectionTest" time="2.452"/>
  <testcase classname="com.maddysk.tests.flightreservation.FlightReservationTest" name="flightReservationConfirmationTest" time="0.617"/>
</testsuite> <!-- passengers-count-1 -->
