<?xml version="1.0" encoding="UTF-8"?>
<!-- Generated by org.testng.reporters.JUnitXMLReporter -->
<testsuite ignored="0" hostname="Maddys-MBP.hsd1.md.comcast.net" failures="0" tests="5" name="passengers-count-2" time="45.683" errors="0" timestamp="2023-09-19T11:24:58 EDT">
  <testcase classname="com.maddysk.tests.flightreservation.FlightReservationTest" name="userRegistrationTest" time="8.335"/>
  <testcase classname="com.maddysk.tests.flightreservation.FlightReservationTest" name="registrationConfirmationTest" time="1.871"/>
  <testcase classname="com.maddysk.tests.flightreservation.FlightReservationTest" name="flightsSearchTest" time="1.284"/>
  <testcase classname="com.maddysk.tests.flightreservation.FlightReservationTest" name="flightsSelectionTest" time="1.214"/>
  <testcase classname="com.maddysk.tests.flightreservation.FlightReservationTest" name="flightReservationConfirmationTest" time="0.593"/>
</testsuite> <!-- passengers-count-2 -->
