<?xml version="1.0" encoding="UTF-8"?>
<!-- Generated by org.testng.reporters.JUnitXMLReporter -->
<testsuite ignored="0" hostname="Maddys-MBP.hsd1.md.comcast.net" failures="0" tests="5" name="passengers-count-4" time="38.918" errors="0" timestamp="2023-09-19T11:24:52 EDT">
  <testcase classname="com.maddysk.tests.flightreservation.FlightReservationTest" name="userRegistrationTest" time="2.89"/>
  <testcase classname="com.maddysk.tests.flightreservation.FlightReservationTest" name="registrationConfirmationTest" time="0.807"/>
  <testcase classname="com.maddysk.tests.flightreservation.FlightReservationTest" name="flightsSearchTest" time="1.407"/>
  <testcase classname="com.maddysk.tests.flightreservation.FlightReservationTest" name="flightsSelectionTest" time="0.837"/>
  <testcase classname="com.maddysk.tests.flightreservation.FlightReservationTest" name="flightReservationConfirmationTest" time="0.612"/>
</testsuite> <!-- passengers-count-4 -->
